<?xml version="1.0" encoding="UTF-8"?>
<testsuite xmlns:xsi="http://www.w3.org/2001/XMLSchema-instance" xsi:noNamespaceSchemaLocation="https://maven.apache.org/surefire/maven-surefire-plugin/xsd/surefire-test-report-3.0.xsd" version="3.0" name="com.org.sbms.stepdefinitions.TestRunner" time="0.985" tests="1" errors="1" skipped="0" failures="0">
  <properties>
[...]
</properties>
  <testcase name="initializationError" classname="com.org.sbms.stepdefinitions.TestRunner" time="0.015">
    <error message="Couldn&apos;t create a file output stream for &apos;target\cucumber-reports&apos;.&#10;Make sure the the file isn&apos;t a directory.&#10;&#10;Note: This usually happens when plugins write to colliding paths.&#10;For example: &apos;json:target/cucumber/report.json, html:target/cucumber&apos;&#10;You can fix this by making the paths do no collide.&#10;For example: &apos;json:target/cucumber/report.json, html:target/cucumber/report.html&apos;&#10;The details are in the stack trace below:" type="java.lang.IllegalArgumentException"><![CDATA[java.lang.IllegalArgumentException: 
Couldn't create a file output stream for 'target\cucumber-reports'.
Make sure the the file isn't a directory.

Note: This usually happens when plugins write to colliding paths.
For example: 'json:target/cucumber/report.json, html:target/cucumber'
You can fix this by making the paths do no collide.
For example: 'json:target/cucumber/report.json, html:target/cucumber/report.html'
The details are in the stack trace below:
Caused by: java.io.FileNotFoundException: target\cucumber-reports (Access is denied)
]]></error>
  </testcase>
</testsuite>